<?xml version="1.0" encoding="UTF-8"?>
<!-- Generated by org.testng.reporters.JUnitReportReporter -->
<testsuite hostname="LAPTOP-DI0Q8O11" failures="0" tests="2" name="org.MiWay.Practice.TestNGPractice" time="0.007" errors="0" timestamp="2022-09-16T16:50:01 IST" skipped="0">
  <testcase classname="org.MiWay.Practice.TestNGPractice" name="Test2" time="0.001"/>
  <system-out/>
  <testcase classname="org.MiWay.Practice.TestNGPractice" name="Test1" time="0.006"/>
  <system-out/>
</testsuite> <!-- org.MiWay.Practice.TestNGPractice -->
